/*C6*/SET SCHEMA PUBLIC
INSERT INTO MESSAGES VALUES(20,'GET /  HTTP/1.1\u000d\u000aHost: localhost\u000d\u000a\u000d\u000a','HTTP/1.1 200 \u000d\u000aVary: Origin\u000d\u000aVary: Access-Control-Request-Method\u000d\u000aVary: Access-Control-Request-Headers\u000d\u000aLast-Modified: Mon, 17 May 2021 05:56:47 GMT\u000d\u000aCache-Control: no-store\u000d\u000aAccept-Ranges: bytes\u000d\u000aContent-Type: text/html\u000d\u000aContent-Language: ru-RU\u000d\u000aContent-Length: 669\u000d\u000aDate: Mon, 17 May 2021 07:16:29 GMT\u000d\u000a\u000d\u000a<!DOCTYPE html>\u000d\u000a<html lang="en" xmlns:th="http://www.w3.org/1999/xhtml">\u000d\u000a<head>\u000d\u000a    <meta charset="UTF-8">\u000d\u000a    <title>TargetServer</title>\u000d\u000a    <link href="https://cdn.jsdelivr.net/npm/bootstrap@5.0.0-beta2/dist/css/bootstrap.min.css" rel="stylesheet" integrity="sha384-BmbxuPwQa2lc/FVzBcNJ7UAyJxM6wuqIj61tLrc4wSX0szH/Ev+nYRRuWlolflfl" crossorigin="anonymous">\u000d\u000a    <script src="https://cdn.jsdelivr.net/npm/bootstrap@5.0.0-beta2/dist/js/bootstrap.bundle.min.js" integrity="sha384-b5kHyXgcpbZJO/tY9Ul7kGkf1S0CWuKcCD38l8YkeH8z8QjE0GmW1gYU5S9FOnJ0" crossorigin="anonymous"></script>\u000d\u000a</head>\u000d\u000a<body>\u000d\u000a<div>\u000d\u000a    <h1>Welcome to this page</h1>\u000d\u000a</div>\u000d\u000a</body>\u000d\u000a</html>\u000d\u000a')
COMMIT
/*C7*/SET SCHEMA PUBLIC
INSERT INTO CONTEXTS VALUES(20,72,1956,'2021-05-17 11:16:15.930000','2021-05-17 11:16:29.778000',13848,20)
COMMIT
/*C8*/SET SCHEMA PUBLIC
INSERT INTO CLIENTS VALUES(20,'/127.0.0.1',20)
COMMIT
/*C9*/SET SCHEMA PUBLIC
INSERT INTO MESSAGES VALUES(21,'GET /home HTTP/1.1\u000d\u000aHost: localhost\u000d\u000a\u000d\u000a','HTTP/1.1 200 \u000d\u000aContent-Type: text/plain;charset=UTF-8\u000d\u000aContent-Length: 9\u000d\u000aDate: Mon, 17 May 2021 07:16:50 GMT\u000d\u000a\u000d\u000aSOMETHING\u000d\u000a')
COMMIT
/*C10*/SET SCHEMA PUBLIC
INSERT INTO CONTEXTS VALUES(21,78,248,'2021-05-17 11:16:29.781000','2021-05-17 11:16:50.817000',21036,21)
COMMIT
/*C11*/SET SCHEMA PUBLIC
INSERT INTO CLIENTS VALUES(21,'/127.0.0.1',21)
COMMIT
/*C12*/SET SCHEMA PUBLIC
INSERT INTO MESSAGES VALUES(22,'GET /error HTTP/1.1\u000d\u000aHost: localhost\u000d\u000a\u000d\u000a','HTTP/1.1 500 \u000d\u000aContent-Type: application/json\u000d\u000aTransfer-Encoding: chunked\u000d\u000aDate: Mon, 17 May 2021 07:17:06 GMT\u000d\u000aConnection: close\u000d\u000a\u000d\u000a6a\u000d\u000a{"timestamp":"2021-05-17T07:17:06.605+00:00","status":999,"error":"None","message":"No message available"}\u000d\u000a0\u000d\u000a\u000d\u000a')
COMMIT
/*C13*/SET SCHEMA PUBLIC
INSERT INTO CONTEXTS VALUES(22,80,500,'2021-05-17 11:16:50.825000','2021-05-17 11:17:06.667000',15842,22)
COMMIT
/*C14*/SET SCHEMA PUBLIC
INSERT INTO CLIENTS VALUES(22,'/127.0.0.1',22)
COMMIT
/*C15*/SET SCHEMA PUBLIC
INSERT INTO MESSAGES VALUES(23,NULL,NULL)
COMMIT
/*C16*/SET SCHEMA PUBLIC
INSERT INTO CONTEXTS VALUES(23,0,0,'2021-05-17 11:17:06.669000','1970-01-01 04:00:00.000000',0,23)
COMMIT
/*C17*/SET SCHEMA PUBLIC
INSERT INTO CLIENTS VALUES(23,'/127.0.0.1',23)
COMMIT
